C251 COMPILER V5.04b,  Flash                                                               25/08/18  14:15:49  PAGE 1   


C251 COMPILER V5.04b, COMPILATION OF MODULE Flash
OBJECT MODULE PLACED IN Flash.obj
COMPILER INVOKED BY: d:\Keil\C251\BIN\C251.EXE SRC\Flash.c XSMALL BROWSE DEBUG PRINT(.\Flash.lst) OBJECT(Flash.obj) 

stmt  level    source

    1          #include "Flash.h"
    2          uchar  g_write_value[48]={
    3                                       0x77,0x77,0x77,0x17,0x00,0x00,0x00,//0-6 表地址
    4                                       0x00,0x00,0x00,//7-9 用户总用水量--正向
    5                                       0x00,0x00,0x00,//10-12 用户总用水量--反向
    6                                       0x20,0x17,0x10,0x23,0x15,0x20,0x20,//13-19 表上时间
    7                                           //13   14   15   16   17   18   19
    8                                           0x00,//20 已冻结数据条数
    9                                           0x06,//21 数据冻结间隔
   10                                       0x00,0x00,0x00,//22-24 表状态
   11                                       0x00,0x00,//25-26 阀门动作次数
   12                                       0x00,//27 脉冲当量
   13                                       //112,4,228,148,19,147,
   14                                           115,28,226,179,23,173,//28-33 IP&PORT
   15                                       0,//34 上线间隔
   16                                       0x00,0x00,//35-36 上线时间
   17                                       0x00,//37 用户状态
   18                                       0x00,//38 电池电压
   19                                           0x00,//39 设备参数
   20                                           0x00,//40 设备状态
   21                                           0x00,0x00,//41-42 SNR值 
   22                                           0x00,0x00,0x00,//43-45
   23                                           0x00,//46 发送标志
   24                                       0x12,//47 程序版本
   25                                          };  
   26          uchar C_DATA[150];
   27          uchar meter_data[360];// 
   28          /******************************************
   29          设备参数        g_write_value[39]
   30          BIT7                            BIT6                                                                    BIT5 BIT4 BIT3 BIT2 BIT1 BIT0
   31          是否带阀 1带 0不带      外壳 1
   32          
   33          设备状态        g_write_value[40]
   34          BIT7            BIT6 BIT5 BIT4 BIT3 BIT2 BIT1 BIT0
   35           
   36          
   37          *******************************************/
   38          //相关变量
   39          unsigned short mem_date=0;
   40          unsigned char date;
   41          unsigned char CDMA_time;//开机等待时间
   42          unsigned char  showIP;
   43          unsigned char  showdata[4]; 
   44           uchar z;    //串口1接收计数 
   45          unsigned char adc_flag;
   46          unsigned char flagtype;
   47          unsigned long consumed_water;   
   48          unsigned char lowVoltageFlag=0;
   49          unsigned char lowVoltage;
   50          unsigned char nolowVoltage;
   51          
   52          unsigned char FDcycflag;
   53          unsigned char FMflag;
   54            
   55          unsigned char  returntime;
   56          unsigned char  FDtime;
   57          unsigned char  RX0_flag;
   58          
   59          
C251 COMPILER V5.04b,  Flash                                                               25/08/18  14:15:49  PAGE 2   

   60          unsigned char pul_flag;
   61          unsigned char FmForceFlag;
   62          unsigned char FmOrder;
   63          unsigned char key_time;
   64          unsigned char time_Flag;
   65          unsigned char count_time;
   66          unsigned char doubletime;
   67          unsigned char Nodoubletime;
   68          /*******************************************************************************
   69          * 函  数  名      : Delay
   70          * 描      述      : 延时函数 1mS
   71          * 输      入      : 无.
   72          * 返      回      : 无.
   73          *******************************************************************************/
   74          void Delay(unsigned int i)
   75          {
   76   1        unsigned int j,k;
   77   1        for(k=i;k>0;k--)
   78   1          for(j=0;j<615;j++);
   79   1      }
   80          /*******************************************************************************
   81          * 函  数  名      : Flash_Read_Write
   82          * 描      述      : 交换设备参数信息
   83          * 输      入      : 无.
   84          * 返      回      : 无.
   85          *******************************************************************************/
   86          void Flash_Read_Write(void)
   87          {
   88   1              uchar i;
   89   1              for(i=0;i<48;i++)
   90   1              {
   91   2                      g_write_value[i]=C_DATA[i];
   92   2              }
   93   1      }
   94          /*******************************************************************************
   95          * 函  数  名      : Write_SegC
   96          * 描      述      : 先擦除相应页，然后进行写入操作
   97          * 输      入      : 无.
   98          * 返      回      : 无.
   99          *******************************************************************************/
  100          void Write_SegC(void)
  101          {
  102   1        unsigned char i;
  103   1        /******擦除最后一页 page63********/
  104   1        //解锁最后一页
  105   1        Flash_PL = 0x5a;
  106   1        Flash_PL = 0xa5;
  107   1        EF_plock7 |= 0x80;                   
  108   1        //擦除最后一页page63 
  109   1        Flash_CTL = 0x02;
  110   1        *((volatile int *)0x00FF7E00) = 0x1234;       //最后一页地址FF7E00~FF7FFF
  111   1        while(Flash_CTL&0x10);                                                //等待擦除结束
  112   1         /******开始写入********/
  113   1        Flash_CTL =0x01;                                                              //写最后一页FLASH
  114   1        for(i=0;i<48;i++)
  115   1        {
  116   2              *((volatile char *)(0xff7e00 + i)) = g_write_value[i];
  117   2        }
  118   1        while(Flash_CTL&0x10);
  119   1      }
  120          /*******************************************************************************
  121          * 函  数  名      : Read_SegC
  122          * 描      述      : 读Flash
  123          * 输      入      : 无.
  124          * 返      回      : 无.
  125          *******************************************************************************/
C251 COMPILER V5.04b,  Flash                                                               25/08/18  14:15:49  PAGE 3   

  126          void Read_SegC(void)
  127          {
  128   1        unsigned char i;
  129   1        Flash_CTL =0x00;                                                              //读最后一页FLASH
  130   1        for(i=0;i<48;i++)
  131   1        {
  132   2              C_DATA[i]= *((volatile char *)(0xff7e00 + i));  //将最后一页数据通过串口发送
  133   2        }
  134   1      }


Module Information          Static   Overlayable
------------------------------------------------
  code size            =       144     ------
  ecode size           =    ------     ------
  data size            =    ------     ------
  idata size           =    ------     ------
  pdata size           =    ------     ------
  xdata size           =    ------     ------
  xdata-const size     =    ------     ------
  edata size           =       590     ------
  bit size             =    ------     ------
  ebit size            =    ------     ------
  bitaddressable size  =    ------     ------
  ebitaddressable size =    ------     ------
  far data size        =    ------     ------
  huge data size       =    ------     ------
  const size           =    ------     ------
  hconst size          =        63     ------
End of Module Information.


C251 COMPILATION COMPLETE.  0 WARNING(S),  0 ERROR(S)
