C251 COMPILER V5.04b,  Motor                                                               07/04/17  20:31:54  PAGE 1   


C251 COMPILER V5.04b, COMPILATION OF MODULE Motor
OBJECT MODULE PLACED IN Motor.obj
COMPILER INVOKED BY: d:\Keil\C251\BIN\C251.EXE SRC\Motor.c XSMALL BROWSE DEBUG PRINT(.\Motor.lst) OBJECT(Motor.obj) 

stmt  level    source

    1          #include "Motor.h"
    2          
    3          unsigned char Second,Time;
    4          unsigned char Motor_Time;//阀门运行总时间
    5          unsigned char Motor_State;  //阀门状态
    6          /*******************************************************************************
    7          * 函  数  名      : Motor_Time
    8          * 描      述      : 定时器初始化 1s
    9          * 输      入      : 无.
   10          * 返      回      : 无.
   11          *******************************************************************************/
   12          void Motor_Set_time(void)
   13          {
   14   1        //RTC初始化-------------------------------------- 
   15   1        RTC_HOLD  = 0x00;                                                             //打开RTC  
   16   1        INTERVAL  = 0X41;                                                             //一秒中断一次
   17   1        AIE      |= 0X40;                                                             //打开RTC中断
   18   1      }
   19          /*******************************************************************************
   20          * 函  数  名      : Motor_Open
   21          * 描      述      : 电机开阀函数，控制电机开阀，并倒数计时,判断最终结果
   22          * 输      入      : 无.
   23          * 返      回      : 无.
   24          *******************************************************************************/
   25          void Motor_Open(void)
   26          {
   27   1        Motor_Location_On; 
   28   1        Motor_Time=10;Time=0;Second=1;
   29   1        while(Motor_Value_Open)
   30   1        {
   31   2          Motor_Out_Open;
   32   2          //LCD_Motor_Open();
   33   2          if(Motor_Time ==0) 
   34   2            break;
   35   2        }
   36   1          Motor_Out_Stop;
   37   1          Motor_Location_Off; 
   38   1          //if(Motor_Time>0) Motor_State=0x11;
   39   1           //  else Motor_State=0x33;
   40   1      }
   41          /*******************************************************************************
   42          * 函  数  名      : Motor_Close
   43          * 描      述      : 电机关阀函数，控制电机关阀，并倒数计时，判断最终结果
   44          * 输      入      : 无.
   45          * 返      回      : 无.
   46          *******************************************************************************/
   47          void Motor_Close(void)
   48          {
   49   1        Motor_Location_On; 
   50   1        Motor_Time=10;Time=0;Second=1; 
   51   1        while(Motor_Value_Close)
   52   1        {
   53   2          Motor_Out_Close;
   54   2          //LCD_Motor_Close( );
   55   2          if(Motor_Time ==0)  break;
   56   2        }
   57   1          Motor_Out_Stop;
   58   1          Motor_Location_Off; 
   59   1         // if(Motor_Time>0) Motor_State=0x22;
C251 COMPILER V5.04b,  Motor                                                               07/04/17  20:31:54  PAGE 2   

   60   1            //  else Motor_State=0x33;
   61   1      }
   62          /*******************************************************************************
   63          * 函  数  名      : Motor_Test
   64          * 描      述      : 阀门测试函数，阀门自动除垢,自动开关阀一次
   65          * 输      入      : 无.
   66          * 返      回      : 无.
   67          *******************************************************************************/
   68          void Motor_Test(void)
   69          {
   70   1        Motor_Location_On; 
   71   1        if(Motor_Value_Close==0) 
   72   1          {
   73   2            Motor_Open();Motor_Close();Motor_Location_Off;
   74   2          }
   75   1         else if(Motor_Value_Open==0) 
   76   1           {
   77   2             Motor_Close();Motor_Open();Motor_Location_Off;
   78   2           }
   79   1           else  
   80   1           {
   81   2             Motor_Open();Motor_Close();Motor_Location_Off;
   82   2           }
   83   1      }
   84          
   85          
   86          
   87          
   88          


Module Information          Static   Overlayable
------------------------------------------------
  code size            =       152     ------
  ecode size           =    ------     ------
  data size            =    ------     ------
  idata size           =    ------     ------
  pdata size           =    ------     ------
  xdata size           =    ------     ------
  xdata-const size     =    ------     ------
  edata size           =         4     ------
  bit size             =    ------     ------
  ebit size            =    ------     ------
  bitaddressable size  =    ------     ------
  ebitaddressable size =    ------     ------
  far data size        =    ------     ------
  huge data size       =    ------     ------
  const size           =    ------     ------
  hconst size          =    ------     ------
End of Module Information.


C251 COMPILATION COMPLETE.  0 WARNING(S),  0 ERROR(S)
